#
# A fatal error has been detected by the Java Runtime Environment:
#
#  Internal Error (signature.cpp:308), pid=728, tid=5592
#  Error: ShouldNotReachHere()
#
# JRE version: 6.0_30-b12
# Java VM: Java HotSpot(TM) Client VM (20.5-b03 mixed mode, sharing windows-x86 )
# If you would like to submit a bug report, please visit:
#   http://java.sun.com/webapps/bugreport/crash.jsp
#

---------------  T H R E A D  ---------------

Current thread (0x00279c00):  JavaThread "Unknown thread" [_thread_in_vm, id=5592, stack(0x01910000,0x01a10000)]

Stack: [0x01910000,0x01a10000],  sp=0x01a0f884,  free space=1022k
Native frames: (J=compiled Java code, j=interpreted, Vv=VM code, C=native code)
V  [jvm.dll+0x1335ca]
V  [jvm.dll+0x12e57b]
V  [jvm.dll+0x10fca4]
V  [jvm.dll+0xbb8b]
V  [jvm.dll+0x8b22d]
V  [jvm.dll+0x2621d]
V  [jvm.dll+0x26bef]
V  [jvm.dll+0x26c4d]
V  [jvm.dll+0x27506]
V  [jvm.dll+0x278b5]
V  [jvm.dll+0x27949]
V  [jvm.dll+0x27a0c]
V  [jvm.dll+0x27a8a]
V  [jvm.dll+0x27bfb]
V  [jvm.dll+0x27e39]
V  [jvm.dll+0x6c383]
V  [jvm.dll+0x6c75c]
V  [jvm.dll+0xf9b4c]
V  [jvm.dll+0x11848b]
V  [jvm.dll+0x9eb60]
C  [javaw.exe+0x1657]
C  [javaw.exe+0x1e2c]
C  [javaw.exe+0x8614]
C  [kernel32.dll+0x51114]  BaseThreadInitThunk+0x12
C  [ntdll.dll+0x5b299]  RtlInitializeExceptionChain+0x63
C  [ntdll.dll+0x5b26c]  RtlInitializeExceptionChain+0x36


---------------  P R O C E S S  ---------------

Java Threads: ( => current thread )

Other Threads:

=>0x00279c00 (exited) JavaThread "Unknown thread" [_thread_in_vm, id=5592, stack(0x01910000,0x01a10000)]

VM state:not at safepoint (not fully initialized)

VM Mutex/Monitor currently owned by a thread:  ([mutex/lock_event])
[0x00277b88] AdapterHandlerLibrary_lock - owner thread: 0x00279c00

Dynamic libraries:
0x00400000 - 0x00425000 	C:\Windows\system32\javaw.exe
0x76f10000 - 0x7704c000 	C:\Windows\SYSTEM32\ntdll.dll
0x76470000 - 0x76544000 	C:\Windows\system32\kernel32.dll
0x75350000 - 0x7539a000 	C:\Windows\system32\KERNELBASE.dll
0x770a0000 - 0x77140000 	C:\Windows\system32\ADVAPI32.dll
0x769d0000 - 0x76a7c000 	C:\Windows\system32\msvcrt.dll
0x76c30000 - 0x76c49000 	C:\Windows\SYSTEM32\sechost.dll
0x76cb0000 - 0x76d51000 	C:\Windows\system32\RPCRT4.dll
0x753a0000 - 0x75469000 	C:\Windows\system32\USER32.dll
0x76a80000 - 0x76ace000 	C:\Windows\system32\GDI32.dll
0x76580000 - 0x7658a000 	C:\Windows\system32\LPK.dll
0x76790000 - 0x7682d000 	C:\Windows\system32\USP10.dll
0x76550000 - 0x7656f000 	C:\Windows\system32\IMM32.DLL
0x76ad0000 - 0x76b9c000 	C:\Windows\system32\MSCTF.dll
0x6d020000 - 0x6d035000 	C:\PROGRA~1\KASPER~1\KASPER~1.0FO\adialhk.dll
0x76730000 - 0x76787000 	C:\Windows\system32\SHLWAPI.dll
0x6d590000 - 0x6d596000 	C:\PROGRA~1\KASPER~1\KASPER~1.0FO\kloehk.dll
0x7c340000 - 0x7c396000 	C:\Program Files\Java\jre6\bin\msvcr71.dll
0x6d7f0000 - 0x6da9f000 	C:\Program Files\Java\jre6\bin\client\jvm.dll
0x733a0000 - 0x733d2000 	C:\Windows\system32\WINMM.dll
0x74fd0000 - 0x7501b000 	C:\Windows\system32\apphelp.dll
0x6d7a0000 - 0x6d7ac000 	C:\Program Files\Java\jre6\bin\verify.dll
0x6d320000 - 0x6d33f000 	C:\Program Files\Java\jre6\bin\java.dll
0x6d7e0000 - 0x6d7ef000 	C:\Program Files\Java\jre6\bin\zip.dll
0x769c0000 - 0x769c5000 	C:\Windows\system32\PSAPI.DLL

VM Arguments:
jvm_args: -Xbootclasspath/a:C:/RailsInstaller/Ruby1.9.3/lib/ruby/gems/1.9.1/gems/redcar-jruby-0.1/vendor/jruby-complete-1.6.4.jar -Dfile.encoding=UTF8 -Xmx320m -Xss1024k -Djruby.memory.max=320m -Djruby.stack.max=1024k 
java_command: org.jruby.Main C:/RailsInstaller/Ruby1.9.3/lib/ruby/gems/1.9.1/gems/redcar-0.13/bin/redcar --no-sub-jruby --ignore-stdin --start-time=1348827051 && echo 'finished'
Launcher Type: SUN_STANDARD

Environment Variables:
CLASSPATH=.;C:\Program Files\Java\jre6\lib\ext\QTJava.zip
PATH=C:\RailsInstaller\Ruby1.9.3\bin;C:\RailsInstaller\Ruby1.9.3\lib\ruby\gems\1.9.1\bin;C:\RailsInstaller\DevKit\bin;C:\RailsInstaller\Git\cmd;C:\Program Files\ImageMagick-6.5.6-Q8;C:\Windows\system32;C:\Windows;C:\Windows\System32\Wbem;C:\Windows\System32\WindowsPowerShell\v1.0\;C:\Program Files\QuickTime\QTSystem\;C:\Program Files\Microsoft SQL Server\90\Tools\binn\;C:\Program Files\Microsoft SQL Server\100\Tools\Binn\;C:\Program Files\Microsoft SQL Server\100\DTS\Binn\;C:\Users\HOME\AppData\Roaming\npm;C:\Program Files\nodejs\;C:\RailsInstaller\Git\cmd;C:\RailsInstaller\Ruby1.9.3\bin;C:\Ruby193\bin
USERNAME=HOME
OS=Windows_NT
PROCESSOR_IDENTIFIER=x86 Family 6 Model 15 Stepping 13, GenuineIntel



---------------  S Y S T E M  ---------------

OS: Windows 7 Build 7600 

CPU:total 2 (2 cores per cpu, 1 threads per core) family 6 model 15 stepping 13, cmov, cx8, fxsr, mmx, sse, sse2, sse3, ssse3

Memory: 4k page, physical 3659820k(1310932k free), swap 7317876k(4509488k free)

vm_info: Java HotSpot(TM) Client VM (20.5-b03) for windows-x86 JRE (1.6.0_30-b12), built on Nov 10 2011 01:51:00 by "java_re" with MS VC++ 7.1 (VS2003)

time: Fri Sep 28 15:41:14 2012
elapsed time: 0 seconds

